<?xml version="1.0" encoding="UTF-8"?>
<!-- Generated by org.testng.reporters.JUnitReportReporter -->
<testsuite skipped="0" hostname="ATMECSINLT-743" name="com.atmecs.test.testscript.PostUserTest" tests="1" failures="0" timestamp="05 Apr 2021 09:21:38 GMT" time="3.832" errors="0">
  <testcase name="testGetUser" time="3.832" classname="com.atmecs.test.testscript.PostUserTest"/>
</testsuite> <!-- com.atmecs.test.testscript.PostUserTest -->
